<?xml version="1.0" encoding="UTF-8"?>
<testsuite xmlns:xsi="http://www.w3.org/2001/XMLSchema-instance" xsi:noNamespaceSchemaLocation="https://maven.apache.org/surefire/maven-surefire-plugin/xsd/surefire-test-report.xsd" version="3.0.2" name="sg.edu.nus.iss.d13revision.controllers.PersonControllerTest" time="1.724" tests="6" errors="0" skipped="0" failures="1">
  <properties>
[...]
</properties>
  <testcase name="getAllPersons_shouldReturnPersonList" classname="sg.edu.nus.iss.d13revision.controllers.PersonControllerTest" time="0.342">
    <failure message="No ModelAndView found" type="java.lang.AssertionError"><![CDATA[java.lang.AssertionError: No ModelAndView found
	at org.springframework.test.util.AssertionErrors.fail(AssertionErrors.java:39)
	at org.springframework.test.util.AssertionErrors.assertTrue(AssertionErrors.java:73)
	at org.springframework.test.util.AssertionErrors.assertNotNull(AssertionErrors.java:112)
	at org.springframework.test.web.servlet.result.ModelResultMatchers.getModelAndView(ModelResultMatchers.java:242)
	at org.springframework.test.web.servlet.result.ModelResultMatchers.lambda$attributeDoesNotExist$3(ModelResultMatchers.java:95)
	at org.springframework.test.web.servlet.MockMvc$1.andExpect(MockMvc.java:214)
	at sg.edu.nus.iss.d13revision.controllers.PersonControllerTest.getAllPersons_shouldReturnPersonList(PersonControllerTest.java:53)
	at java.base/java.lang.reflect.Method.invoke(Method.java:565)
	at java.base/java.util.ArrayList.forEach(ArrayList.java:1604)
	at java.base/java.util.ArrayList.forEach(ArrayList.java:1604)
]]></failure>
    <system-out><![CDATA[2025-12-11T13:12:22.104+08:00  INFO 7000 --- [           main] t.c.s.AnnotationConfigContextLoaderUtils : Could not detect default configuration classes for test class [sg.edu.nus.iss.d13revision.controllers.PersonControllerTest]: PersonControllerTest does not declare any static, non-private, non-final, nested classes annotated with @Configuration.
2025-12-11T13:12:22.143+08:00  INFO 7000 --- [           main] .b.t.c.SpringBootTestContextBootstrapper : Found @SpringBootConfiguration sg.edu.nus.iss.d13revision.D13revisionApplication for test class sg.edu.nus.iss.d13revision.controllers.PersonControllerTest
2025-12-11T13:12:22.159+08:00  INFO 7000 --- [           main] o.s.b.d.r.RestartApplicationListener     : Restart disabled due to context in which it is running

  .   ____          _            __ _ _
 /\\ / ___'_ __ _ _(_)_ __  __ _ \ \ \ \
( ( )\___ | '_ | '_| | '_ \/ _` | \ \ \ \
 \\/  ___)| |_)| | | | | || (_| |  ) ) ) )
  '  |____| .__|_| |_|_| |_\__, | / / / /
 =========|_|==============|___/=/_/_/_/

 :: Spring Boot ::                (v3.4.2)

2025-12-11T13:12:22.194+08:00  INFO 7000 --- [           main] s.e.n.i.d.c.PersonControllerTest         : Starting PersonControllerTest using Java 24.0.2 with PID 7000 (started by acer in C:\Users\acer\cicd\cicd)
2025-12-11T13:12:22.194+08:00  INFO 7000 --- [           main] s.e.n.i.d.c.PersonControllerTest         : No active profile set, falling back to 1 default profile: "default"
2025-12-11T13:12:22.624+08:00  INFO 7000 --- [           main] o.s.b.a.w.s.WelcomePageHandlerMapping    : Adding welcome page template: index
2025-12-11T13:12:22.765+08:00  INFO 7000 --- [           main] o.s.b.t.m.w.SpringBootMockServletContext : Initializing Spring TestDispatcherServlet ''
2025-12-11T13:12:22.765+08:00  INFO 7000 --- [           main] o.s.t.web.servlet.TestDispatcherServlet  : Initializing Servlet ''
2025-12-11T13:12:22.766+08:00  INFO 7000 --- [           main] o.s.t.web.servlet.TestDispatcherServlet  : Completed initialization in 1 ms
2025-12-11T13:12:22.787+08:00  INFO 7000 --- [           main] s.e.n.i.d.c.PersonControllerTest         : Started PersonControllerTest in 0.632 seconds (process running for 5.219)

MockHttpServletRequest:
      HTTP Method = GET
      Request URI = /person/testRetrieve
       Parameters = {}
          Headers = []
             Body = null
    Session Attrs = {}

Handler:
             Type = sg.edu.nus.iss.d13revision.controllers.PersonController
           Method = sg.edu.nus.iss.d13revision.controllers.PersonController#getAllPersons()

Async:
    Async started = false
     Async result = null

Resolved Exception:
             Type = null

ModelAndView:
        View name = null
             View = null
            Model = null

FlashMap:
       Attributes = null

MockHttpServletResponse:
           Status = 200
    Error message = null
          Headers = [Content-Type:"application/json"]
     Content type = application/json
             Body = [{"id":"8e502d50","firstName":"John","lastName":"Doe"},{"id":"ab9bece8","firstName":"Jane","lastName":"Doe"}]
    Forwarded URL = null
   Redirected URL = null
          Cookies = []
]]></system-out>
  </testcase>
  <testcase name="showAddPersonPage_shouldReturnAddPersonView" classname="sg.edu.nus.iss.d13revision.controllers.PersonControllerTest" time="0.527"/>
  <testcase name="savePerson_withInValidData_shouldReturnAddPersonView" classname="sg.edu.nus.iss.d13revision.controllers.PersonControllerTest" time="0.035"/>
  <testcase name="savePerson_withValidData_shouldRedirectToPersonList" classname="sg.edu.nus.iss.d13revision.controllers.PersonControllerTest" time="0.019"/>
  <testcase name="index_shouldReturnIndexView" classname="sg.edu.nus.iss.d13revision.controllers.PersonControllerTest" time="0.007"/>
  <testcase name="personList_shouldReturnPersonListViewWithPersons" classname="sg.edu.nus.iss.d13revision.controllers.PersonControllerTest" time="0.069"/>
</testsuite>